Adam Ragusea_video_links.txt
Ahrefs_video_links.txt
aliabdaal.txt
ANTI-CHEF_video_links.txt
Aspyn Ovard _video_links.txt
ATHLEAN-X™_video_links.txt
Babish Culinary Universe_video_links.txt
blogilletes.txt
Carli Bybel_video_links.txt
CaseyNeistat_video_links.txt
Chloe Ting_video_links.txt
Dave2D_video_links.txt
dramina.txt
Drew Binsky_video_links.txt
Dude Perfect_video_links.txt
DulceCandy _video_links.txt
FitnessBlender_video_links.txt
Google Analytics_video_links.txt
iJustine_video_links.txt
IShowSpeed_video_links.txt
Jack Corsellis_video_links.txt
jaidan animation.txt
Jen Selter_video_links.txt
Kara and Nate_video_links.txt
learn english.txt
Lost LeBlanc_video_links.txt
Marko - WhiteBoard Finance_video_links.txt
Marques Brownlee_video_links.txt
Martin Zeman_video_links.txt
Minecraft_video_links.txt
Mrwhosetheboss_video_links.txt
Neil Patel_video_links.txt
Nick True - MappedOutMoney_video_links.txt
Nicole Guerriero_video_links.txt
Pamela Reif_video_links.txt
Sara Dietschy_video_links.txt
SmarterEveryDay_video_links.txt
Tati_video_links.txt
Tess Christine_video_links.txt
Wayne Goss_video_links.txt
Yoga With Adriene_video_links.txt
Zach Choi ASMR_video_links.txt
